#NEXUS

Begin taxa;
	Dimensions ntax=668;
	Taxlabels
		AF003952_MSV_A_SouthernAfrica_1989
		AF239961_MSV_A_SouthernAfrica_1993
		AF329878_MSV_A_EastAfrica_1998
		AF329879_MSV_A_EastAfrica_1998
		AF329880_MSV_A_EastAfrica_1998
		AF329881_MSV_A_SouthEastAfrica_1994
		AF329882_MSV_A_SouthEastAfrica_1996
		AF329883_MSV_A_SouthEastAfrica_1998
		AF329884_MSV_A_SouthernAfrica_1998
		AF329885_MSV_A_EastAfrica_1984
		AF395891_MSV_A_EastAfrica_1984
		EF015778_MSV_A_EastAfrica_2005
		EF015779_MSV_A_EastAfrica_2005
		EF015780_MSV_A_EastAfrica_2005
		EF015781_MSV_A_EastAfrica_2005
		EF015782_MSV_A_EastAfrica_2005
		EF015783_MSV_A_EastAfrica_2005
		EF547063_MSV_A_EastAfrica_2005
		EF547064_MSV_A_EastAfrica_2005
		EF547065_MSV_A_EastAfrica_2005
		EF547066_MSV_A_EastAfrica_2005
		EF547067_MSV_A_EastAfrica_2005
		EF547068_MSV_A_EastAfrica_2005
		EF547069_MSV_A_EastAfrica_2005
		EF547070_MSV_A_EastAfrica_2005
		EF547071_MSV_A_EastAfrica_2005
		EF547072_MSV_A_EastAfrica_2005
		EF547073_MSV_A_EastAfrica_2005
		EF547074_MSV_A_EastAfrica_2005
		EF547075_MSV_A_EastAfrica_2005
		EF547076_MSV_A_EastAfrica_2005
		EF547077_MSV_A_EastAfrica_2005
		EF547078_MSV_A_EastAfrica_2005
		EF547079_MSV_A_EastAfrica_2005
		EF547080_MSV_A_EastAfrica_2005
		EF547081_MSV_A_EastAfrica_2005
		EF547082_MSV_A_EastAfrica_2005
		EF547083_MSV_A_EastAfrica_2005
		EF547084_MSV_A_EastAfrica_2005
		EF547085_MSV_A_EastAfrica_2005
		EF547086_MSV_A_EastAfrica_2005
		EF547087_MSV_A_EastAfrica_2005
		EF547088_MSV_A_EastAfrica_2005
		EF547089_MSV_A_EastAfrica_2005
		EF547090_MSV_A_EastAfrica_2005
		EF547091_MSV_A_EastAfrica_2005
		EF547092_MSV_A_EastAfrica_2005
		EF547093_MSV_A_EastAfrica_2005
		EF547094_MSV_A_EastAfrica_2005
		EF547095_MSV_A_EastAfrica_2005
		EF547096_MSV_A_EastAfrica_2005
		EF547097_MSV_A_EastAfrica_2005
		EF547098_MSV_A_EastAfrica_2005
		EF547099_MSV_A_EastAfrica_2005
		EF547100_MSV_A_EastAfrica_2005
		EF547101_MSV_A_EastAfrica_2005
		EF547102_MSV_A_EastAfrica_2005
		EF547103_MSV_A_EastAfrica_2005
		EF547104_MSV_A_EastAfrica_2005
		EF547105_MSV_A_EastAfrica_2005
		EF547106_MSV_A_EastAfrica_2005
		EF547107_MSV_A_EastAfrica_2005
		EF547108_MSV_A_EastAfrica_2005
		EF547109_MSV_A_EastAfrica_2005
		EF547110_MSV_A_EastAfrica_2005
		EF547111_MSV_A_EastAfrica_2005
		EF547112_MSV_A_EastAfrica_2005
		EF547113_MSV_A_EastAfrica_2005
		EF547114_MSV_A_EastAfrica_2005
		EF547115_MSV_A_EastAfrica_2005
		EF547116_MSV_A_EastAfrica_2005
		EF547117_MSV_A_EastAfrica_2005
		EF547118_MSV_A_EastAfrica_2005
		EF547119_MSV_A_EastAfrica_2005
		EF547120_MSV_A_EastAfrica_2005
		EF547121_MSV_A_EastAfrica_2005
		EF547122_MSV_A_EastAfrica_2005
		EF547123_MSV_A_EastAfrica_2005
		EF547124_MSV_A_EastAfrica_2005
		EU152254_MSV_A_SouthernAfrica_2007
		EU152255_MSV_A_SouthernAfrica_2007
		EU628564_MSV_A_Mozambique_2007
		EU628565_MSV_A_Mozambique_2007
		EU628566_MSV_A_WestAfrica_2007
		EU628567_MSV_A_WestAfrica_2007
		EU628568_MSV_A_SouthernAfrica_2006
		EU628569_MSV_A_SouthernAfrica_2006
		EU628571_MSV_A_SouthernAfrica_1986
		EU628573_MSV_A_SouthernAfrica_2007
		EU628574_MSV_A_SouthernAfrica_2006
		EU628575_MSV_A_SouthernAfrica_2006
		EU628576_MSV_A_SouthEastAfrica_2006
		FJ882089_MSV_A_WestAfrica_1999
		FJ882090_MSV_A_EastAfrica_1998
		FJ882091_MSV_A_EastAfrica_1998
		FJ882092_MSV_A_EastAfrica_2006
		FJ882093_MSV_A_EastAfrica_1998
		FJ882094_MSV_A_EastAfrica_1998
		FJ882095_MSV_A_SouthernAfrica_2005
		FJ882096_MSV_A_SouthernAfrica_2005
		FJ882097_MSV_A_SouthernAfrica_2005
		FJ882098_MSV_A_Mozambique_2006
		FJ882099_MSV_A_Mozambique_2007
		FJ882100_MSV_A_Mozambique_2007
		FJ882101_MSV_A_Mozambique_2007
		FJ882102_MSV_A_WestAfrica_2006
		FJ882103_MSV_A_SWIOI_1995
		FJ882104_MSV_A_SWIOI_1995
		FJ882105_MSV_A_SWIOI_1986
		FJ882106_MSV_A_CentralAfrica_1987
		FJ882107_MSV_A_SouthernAfrica_2007
		FJ882108_MSV_A_SouthernAfrica_2008
		FJ882109_MSV_A_SouthernAfrica_1989
		FJ882110_MSV_A_SouthernAfrica_1989
		FJ882111_MSV_A_SouthernAfrica_1989
		FJ882112_MSV_A_SouthernAfrica_1989
		FJ882113_MSV_A_SouthernAfrica_1989
		FJ882114_MSV_A_SouthernAfrica_1989
		FJ882115_MSV_A_SouthernAfrica_1979
		FJ882117_MSV_A_SouthernAfrica_1989
		FJ882118_MSV_A_SouthernAfrica_1989
		FJ882119_MSV_A_SouthernAfrica_1989
		FJ882120_MSV_A_SouthernAfrica_1989
		FJ882121_MSV_A_SouthernAfrica_1989
		FJ882122_MSV_A_SouthernAfrica_1989
		FJ882123_MSV_A_SouthernAfrica_1989
		FJ882124_MSV_A_SouthernAfrica_2007
		FJ882125_MSV_A_SouthernAfrica_2006
		FJ882126_MSV_A_SouthernAfrica_2006
		FJ882127_MSV_A_SouthernAfrica_2008
		FJ882128_MSV_A_SouthernAfrica_2007
		FJ882129_MSV_A_SouthernAfrica_1979
		FJ882130_MSV_A_SouthernAfrica_1979
		FJ882131_MSV_A_SouthernAfrica_1979
		FJ882132_MSV_A_SouthernAfrica_1979
		FJ882133_MSV_A_SouthernAfrica_1979
		FJ882134_MSV_A_SouthernAfrica_1979
		FJ882135_MSV_A_SouthernAfrica_1979
		FJ882136_MSV_A_SouthernAfrica_1979
		FJ882137_MSV_A_SouthernAfrica_1979
		FJ882138_MSV_A_SouthernAfrica_2006
		FJ882139_MSV_A_SouthernAfrica_1993
		FJ882140_MSV_A_SouthEastAfrica_1987
		FJ882141_MSV_A_SouthEastAfrica_2006
		FJ882142_MSV_A_SouthEastAfrica_2006
		FJ882143_MSV_A_SouthEastAfrica_1993
		FJ882144_MSV_A_SouthEastAfrica_1993
		FJ882145_MSV_A_SouthEastAfrica_1993
		FJ882146_MSV_A_SouthEastAfrica_1993
		FJ882147_MSV_A_SouthEastAfrica_1993
		FJ882148_MSV_A_SouthEastAfrica_2008
		FJ882149_MSV_A_SouthEastAfrica_1992
		FM210279_MSV_A_CentralAfrica_2008
		HQ693281_MSV_A_WestAfrica_2008
		HQ693282_MSV_A_WestAfrica_2008
		HQ693284_MSV_A_WestAfrica_2008
		HQ693285_MSV_A_WestAfrica_2008
		HQ693286_MSV_A_CentralAfrica_2008
		HQ693287_MSV_A_CentralAfrica_2008
		HQ693288_MSV_A_CentralAfrica_2008
		HQ693289_MSV_A_CentralAfrica_2008
		HQ693290_MSV_A_CentralAfrica_2008
		HQ693291_MSV_A_CentralAfrica_2008
		HQ693292_MSV_A_CentralAfrica_2008
		HQ693293_MSV_A_CentralAfrica_2008
		HQ693294_MSV_A_CentralAfrica_2008
		HQ693295_MSV_A_CentralAfrica_2008
		HQ693296_MSV_A_CentralAfrica_2008
		HQ693297_MSV_A_CentralAfrica_2008
		HQ693298_MSV_A_CentralAfrica_2008
		HQ693299_MSV_A_CentralAfrica_2008
		HQ693301_MSV_A_CentralAfrica_2008
		HQ693302_MSV_A_CentralAfrica_2008
		HQ693303_MSV_A_CentralAfrica_2008
		HQ693304_MSV_A_CentralAfrica_2008
		HQ693305_MSV_A_CentralAfrica_2008
		HQ693306_MSV_A_CentralAfrica_2008
		HQ693307_MSV_A_CentralAfrica_2008
		HQ693308_MSV_A_CentralAfrica_2008
		HQ693309_MSV_A_CentralAfrica_2008
		HQ693310_MSV_A_CentralAfrica_2008
		HQ693311_MSV_A_CentralAfrica_2008
		HQ693312_MSV_A_CentralAfrica_2008
		HQ693313_MSV_A_CentralAfrica_2008
		HQ693314_MSV_A_CentralAfrica_2008
		HQ693315_MSV_A_CentralAfrica_2008
		HQ693316_MSV_A_CentralAfrica_2008
		HQ693317_MSV_A_CentralAfrica_2008
		HQ693318_MSV_A_CentralAfrica_2008
		HQ693319_MSV_A_CentralAfrica_2008
		HQ693320_MSV_A_CentralAfrica_2008
		HQ693321_MSV_A_CentralAfrica_2008
		HQ693323_MSV_A_CentralAfrica_2008
		HQ693324_MSV_A_CentralAfrica_2008
		HQ693325_MSV_A_CentralAfrica_2008
		HQ693326_MSV_A_CentralAfrica_2008
		HQ693327_MSV_A_CentralAfrica_2008
		HQ693328_MSV_A_CentralAfrica_1998
		HQ693329_MSV_A_EastAfrica_2008
		HQ693330_MSV_A_EastAfrica_2008
		HQ693331_MSV_A_EastAfrica_2008
		HQ693332_MSV_A_EastAfrica_2008
		HQ693333_MSV_A_EastAfrica_2008
		HQ693334_MSV_A_EastAfrica_2008
		HQ693335_MSV_A_Mozambique_2007
		HQ693337_MSV_A_Mozambique_2007
		HQ693338_MSV_A_Mozambique_2007
		HQ693339_MSV_A_Mozambique_2007
		HQ693340_MSV_A_Mozambique_2007
		HQ693341_MSV_A_Mozambique_2007
		HQ693342_MSV_A_Mozambique_2007
		HQ693343_MSV_A_Mozambique_2007
		HQ693344_MSV_A_Mozambique_2007
		HQ693345_MSV_A_Mozambique_2007
		HQ693346_MSV_A_Mozambique_2007
		HQ693347_MSV_A_Mozambique_2007
		HQ693348_MSV_A_Mozambique_2007
		HQ693349_MSV_A_Mozambique_2006
		HQ693350_MSV_A_Mozambique_2007
		HQ693351_MSV_A_Mozambique_2007
		HQ693352_MSV_A_Mozambique_2007
		HQ693353_MSV_A_Mozambique_2007
		HQ693354_MSV_A_Mozambique_2007
		HQ693355_MSV_A_Mozambique_2007
		HQ693356_MSV_A_Mozambique_2007
		HQ693357_MSV_A_Mozambique_2007
		HQ693358_MSV_A_Mozambique_2007
		HQ693359_MSV_A_Mozambique_2007
		HQ693360_MSV_A_Mozambique_2007
		HQ693361_MSV_A_Mozambique_2007
		HQ693362_MSV_A_Mozambique_2007
		HQ693363_MSV_A_Mozambique_2007
		HQ693364_MSV_A_Mozambique_2007
		HQ693365_MSV_A_Mozambique_2007
		HQ693366_MSV_A_Mozambique_2007
		HQ693367_MSV_A_WestAfrica_2006
		HQ693368_MSV_A_WestAfrica_2006
		HQ693369_MSV_A_WestAfrica_2007
		HQ693370_MSV_A_WestAfrica_2007
		HQ693371_MSV_A_WestAfrica_2007
		HQ693372_MSV_A_WestAfrica_2007
		HQ693373_MSV_A_WestAfrica_2007
		HQ693374_MSV_A_WestAfrica_2006
		HQ693375_MSV_A_WestAfrica_2006
		HQ693376_MSV_A_WestAfrica_2007
		HQ693377_MSV_A_WestAfrica_2006
		HQ693378_MSV_A_WestAfrica_2007
		HQ693379_MSV_A_WestAfrica_2007
		HQ693380_MSV_A_WestAfrica_2006
		HQ693381_MSV_A_WestAfrica_2006
		HQ693382_MSV_A_WestAfrica_2007
		HQ693383_MSV_A_WestAfrica_2007
		HQ693384_MSV_A_WestAfrica_2007
		HQ693385_MSV_A_WestAfrica_2007
		HQ693386_MSV_A_WestAfrica_2006
		HQ693387_MSV_A_WestAfrica_2006
		HQ693388_MSV_A_WestAfrica_2007
		HQ693389_MSV_A_WestAfrica_2007
		HQ693390_MSV_A_WestAfrica_2007
		HQ693391_MSV_A_WestAfrica_2007
		HQ693392_MSV_A_WestAfrica_2007
		HQ693393_MSV_A_WestAfrica_2007
		HQ693394_MSV_A_SWIOI_1995
		HQ693395_MSV_A_SWIOI_1995
		HQ693396_MSV_A_SWIOI_1994
		HQ693398_MSV_A_SWIOI_1991
		HQ693399_MSV_A_SWIOI_1997
		HQ693400_MSV_A_SouthernAfrica_2008
		HQ693401_MSV_A_SouthernAfrica_2008
		HQ693402_MSV_A_SouthernAfrica_2008
		HQ693403_MSV_A_SouthernAfrica_2008
		HQ693404_MSV_A_SouthernAfrica_2008
		HQ693405_MSV_A_SouthernAfrica_2006
		HQ693406_MSV_A_SouthernAfrica_2006
		HQ693407_MSV_A_SouthernAfrica_2006
		HQ693408_MSV_A_SouthernAfrica_2007
		HQ693409_MSV_A_SouthernAfrica_2008
		HQ693410_MSV_A_SouthernAfrica_2008
		HQ693411_MSV_A_SouthernAfrica_2008
		HQ693412_MSV_A_SouthernAfrica_1988
		HQ693413_MSV_A_SouthernAfrica_1989
		HQ693414_MSV_A_SouthernAfrica_2007
		HQ693415_MSV_A_SouthernAfrica_2006
		HQ693416_MSV_A_SouthernAfrica_2007
		HQ693417_MSV_A_SouthernAfrica_1989
		HQ693418_MSV_A_SouthernAfrica_2007
		HQ693419_MSV_A_SouthernAfrica_1989
		HQ693420_MSV_A_SouthernAfrica_1988
		HQ693421_MSV_A_SouthernAfrica_1988
		HQ693422_MSV_A_SouthernAfrica_2007
		HQ693423_MSV_A_SouthernAfrica_2007
		HQ693424_MSV_A_SouthernAfrica_2007
		HQ693425_MSV_A_SouthernAfrica_2007
		HQ693426_MSV_A_SouthernAfrica_2007
		HQ693427_MSV_A_SouthernAfrica_2006
		HQ693428_MSV_A_SouthernAfrica_2007
		HQ693429_MSV_A_SouthernAfrica_1989
		HQ693430_MSV_A_SouthernAfrica_2008
		HQ693431_MSV_A_SouthernAfrica_2008
		HQ693432_MSV_A_SouthernAfrica_2008
		HQ693433_MSV_A_SouthernAfrica_2008
		HQ693434_MSV_A_SouthernAfrica_2008
		HQ693435_MSV_A_SouthernAfrica_2008
		HQ693436_MSV_A_SouthernAfrica_2008
		HQ693437_MSV_A_SouthernAfrica_2006
		HQ693438_MSV_A_SouthernAfrica_2008
		HQ693439_MSV_A_SouthernAfrica_2007
		HQ693440_MSV_A_SouthernAfrica_2008
		HQ693443_MSV_A_SouthernAfrica_2008
		HQ693444_MSV_A_SouthernAfrica_2008
		HQ693445_MSV_A_SouthernAfrica_2008
		HQ693446_MSV_A_SouthernAfrica_2008
		HQ693447_MSV_A_SouthernAfrica_2008
		HQ693448_MSV_A_SouthernAfrica_2008
		HQ693449_MSV_A_SouthernAfrica_2008
		HQ693450_MSV_A_SouthEastAfrica_2008
		HQ693451_MSV_A_SouthEastAfrica_2008
		HQ693452_MSV_A_SouthEastAfrica_2008
		HQ693453_MSV_A_SouthEastAfrica_2008
		HQ693454_MSV_A_SouthEastAfrica_2008
		HQ693455_MSV_A_SouthEastAfrica_2008
		HQ693456_MSV_A_SouthEastAfrica_2008
		HQ693457_MSV_A_SouthEastAfrica_2008
		HQ693458_MSV_A_SouthEastAfrica_2008
		HQ693459_MSV_A_SouthEastAfrica_2008
		HQ693460_MSV_A_SouthEastAfrica_2008
		HQ693461_MSV_A_SouthEastAfrica_2008
		HQ693462_MSV_A_SouthEastAfrica_2008
		HQ693463_MSV_A_SouthEastAfrica_2008
		HQ693464_MSV_A_SouthEastAfrica_2008
		HQ693465_MSV_A_SouthEastAfrica_2008
		HQ693466_MSV_A_SouthEastAfrica_2008
		HQ693467_MSV_A_SouthEastAfrica_2006
		HQ693468_MSV_A_SouthEastAfrica_2006
		HQ693469_MSV_A_SouthEastAfrica_2006
		HQ693470_MSV_A_SouthEastAfrica_2006
		HQ693471_MSV_A_SouthEastAfrica_2006
		HQ693472_MSV_A_SouthEastAfrica_2006
		HQ693473_MSV_A_SouthEastAfrica_2006
		HQ693474_MSV_A_SouthEastAfrica_1994
		KJ437657_MSV_A_WestAfrica_2011
		KJ437658_MSV_A_WestAfrica_2011
		KJ437659_MSV_A_WestAfrica_2011
		KJ437660_MSV_A_WestAfrica_2011
		KJ437661_MSV_A_WestAfrica_2011
		KJ437662_MSV_A_WestAfrica_2011
		KJ437663_MSV_A_WestAfrica_2011
		KJ437664_MSV_A_WestAfrica_2011
		KJ699303_MSV_A_WestAfrica_2010
		KJ699304_MSV_A_WestAfrica_2010
		KJ699305_MSV_A_WestAfrica_2010
		KJ699306_MSV_A_WestAfrica_2010
		KJ699307_MSV_A_WestAfrica_2010
		KJ699308_MSV_A_WestAfrica_2010
		KJ699309_MSV_A_WestAfrica_2010
		KJ699310_MSV_A_WestAfrica_2010
		KJ699311_MSV_A_WestAfrica_2010
		KJ699312_MSV_A_WestAfrica_2010
		KJ699313_MSV_A_WestAfrica_2010
		KJ699314_MSV_A_WestAfrica_2010
		KJ699315_MSV_A_WestAfrica_2010
		KJ699316_MSV_A_WestAfrica_2010
		KJ699317_MSV_A_WestAfrica_2010
		KJ699318_MSV_A_WestAfrica_2010
		KJ699319_MSV_A_WestAfrica_2010
		KJ699320_MSV_A_WestAfrica_2010
		KJ699321_MSV_A_WestAfrica_2010
		KJ699322_MSV_A_WestAfrica_2010
		KJ699323_MSV_A_WestAfrica_2010
		KJ699324_MSV_A_WestAfrica_2010
		KJ699325_MSV_A_WestAfrica_2010
		KJ699326_MSV_A_WestAfrica_2010
		KJ699327_MSV_A_WestAfrica_2010
		KJ699328_MSV_A_WestAfrica_2010
		KJ699330_MSV_A_WestAfrica_2010
		KJ699331_MSV_A_WestAfrica_2010
		KJ699332_MSV_A_WestAfrica_2010
		KJ699333_MSV_A_WestAfrica_2010
		KJ699334_MSV_A_WestAfrica_2010
		KJ699335_MSV_A_WestAfrica_2010
		KJ699336_MSV_A_WestAfrica_2010
		KJ699337_MSV_A_WestAfrica_2010
		KJ699338_MSV_A_WestAfrica_2010
		KJ699339_MSV_A_WestAfrica_2010
		KJ699340_MSV_A_WestAfrica_2010
		KJ699341_MSV_A_WestAfrica_2010
		KJ699342_MSV_A_WestAfrica_2010
		KJ699343_MSV_A_WestAfrica_2010
		KJ699344_MSV_A_WestAfrica_2010
		KJ699345_MSV_A_WestAfrica_2010
		KJ699346_MSV_A_WestAfrica_2010
		KJ699347_MSV_A_WestAfrica_2010
		KJ699348_MSV_A_WestAfrica_2010
		KJ699349_MSV_A_WestAfrica_2010
		KJ699350_MSV_A_WestAfrica_2010
		KJ699351_MSV_A_WestAfrica_2010
		KJ699352_MSV_A_WestAfrica_2010
		KJ699353_MSV_A_WestAfrica_2010
		KX787926__WestAfrica_2015
		KX787927__WestAfrica_2015
		KX787928__WestAfrica_2015
		KX787929__WestAfrica_2015
		KX787930__WestAfrica_2015
		KX787931__WestAfrica_2015
		KX787932__WestAfrica_2015
		KY290454_MSV_A_EastAfrica_2010
		KY290455_MSV_A_EastAfrica_2010
		KY290456_MSV_A_EastAfrica_2010
		KY290457_MSV_A_EastAfrica_2010
		KY304831_MSV_A_EastAfrica_2010
		KY304832_MSV_A_EastAfrica_2010
		KY304833_MSV_A_EastAfrica_2010
		KY304834_MSV_A_EastAfrica_2010
		KY304835_MSV_A_EastAfrica_2010
		KY304836_MSV_A_EastAfrica_2010
		KY304837_MSV_A_EastAfrica_2010
		KY304838_MSV_A_EastAfrica_2010
		KY304839_MSV_A_EastAfrica_2010
		KY304840_MSV_A_EastAfrica_2010
		KY304841_MSV_A_EastAfrica_2010
		KY304842_MSV_A_EastAfrica_2010
		KY304843_MSV_A_EastAfrica_2010
		KY304844_MSV_A_EastAfrica_2010
		KY304845_MSV_A_EastAfrica_2010
		KY304846_MSV_A_EastAfrica_2010
		KY304847_MSV_A_EastAfrica_2010
		KY304848_MSV_A_EastAfrica_2010
		KY304849_MSV_A_EastAfrica_2010
		KY304850_MSV_A_EastAfrica_2010
		KY304851_MSV_A_EastAfrica_2010
		KY304852_MSV_A_EastAfrica_2010
		KY304853_MSV_A_EastAfrica_2010
		KY304854_MSV_A_EastAfrica_2010
		KY304855_MSV_A_EastAfrica_2010
		KY304856_MSV_A_EastAfrica_2010
		KY304857_MSV_A_EastAfrica_2010
		KY304858_MSV_A_EastAfrica_2010
		KY304859_MSV_A_EastAfrica_2010
		KY304860_MSV_A_EastAfrica_2010
		KY304861_MSV_A_EastAfrica_2010
		KY304862_MSV_A_EastAfrica_2010
		KY304863_MSV_A_EastAfrica_2010
		KY304864_MSV_A_EastAfrica_2010
		KY304865_MSV_A_EastAfrica_2010
		KY304866_MSV_A_EastAfrica_2010
		KY304867_MSV_A_EastAfrica_2010
		KY304868_MSV_A_EastAfrica_2010
		KY304869_MSV_A_EastAfrica_2010
		KY304870_MSV_A_EastAfrica_2010
		KY304871_MSV_A_EastAfrica_2010
		KY304872_MSV_A_EastAfrica_2010
		KY304873_MSV_A_EastAfrica_2010
		KY304874_MSV_A_EastAfrica_2010
		KY304875_MSV_A_EastAfrica_2010
		KY304876_MSV_A_EastAfrica_2010
		KY304877_MSV_A_EastAfrica_2010
		KY304878_MSV_A_EastAfrica_2009
		KY304879_MSV_A_EastAfrica_2009
		KY304880_MSV_A_EastAfrica_2010
		KY304881_MSV_A_EastAfrica_2010
		KY304882_MSV_A_EastAfrica_2010
		KY304883_MSV_A_EastAfrica_2010
		KY304884_MSV_A_EastAfrica_2010
		KY304885_MSV_A_EastAfrica_2010
		KY304886_MSV_A_EastAfrica_2010
		KY304887_MSV_A_EastAfrica_2010
		KY304888_MSV_A_EastAfrica_2010
		KY304889_MSV_A_EastAfrica_2010
		KY304890_MSV_A_EastAfrica_2010
		KY304891_MSV_A_EastAfrica_2010
		KY304892_MSV_A_EastAfrica_2010
		KY304893_MSV_A_EastAfrica_2010
		KY304894_MSV_A_EastAfrica_2010
		KY304895_MSV_A_EastAfrica_2010
		KY304896_MSV_A_EastAfrica_2009
		KY304897_MSV_A_EastAfrica_2010
		KY304898_MSV_A_EastAfrica_2009
		KY304899_MSV_A_EastAfrica_2010
		KY304900_MSV_A_EastAfrica_2010
		KY304901_MSV_A_EastAfrica_2010
		KY304902_MSV_A_EastAfrica_2010
		KY304903_MSV_A_EastAfrica_2009
		KY304904_MSV_A_EastAfrica_2010
		KY304905_MSV_A_EastAfrica_2010
		KY304906_MSV_A_EastAfrica_2010
		KY304907_MSV_A_EastAfrica_2010
		KY304908_MSV_A_EastAfrica_2010
		KY304909_MSV_A_EastAfrica_2010
		KY304910_MSV_A_EastAfrica_2010
		KY304911_MSV_A_EastAfrica_2010
		KY304912_MSV_A_EastAfrica_2010
		KY304913_MSV_A_EastAfrica_2010
		KY304914_MSV_A_EastAfrica_2010
		KY304915_MSV_A_EastAfrica_2010
		KY304916_MSV_A_EastAfrica_2010
		KY304917_MSV_A_EastAfrica_2009
		KY304918_MSV_A_EastAfrica_2010
		KY304919_MSV_A_EastAfrica_2010
		KY304920_MSV_A_EastAfrica_2010
		KY304921_MSV_A_EastAfrica_2010
		KY304922_MSV_A_EastAfrica_2010
		KY304923_MSV_A_EastAfrica_2011
		KY304924_MSV_A_EastAfrica_2011
		KY304925_MSV_A_EastAfrica_2011
		KY304926_MSV_A_EastAfrica_2011
		KY304928_MSV_A_EastAfrica_2011
		KY304929_MSV_A_EastAfrica_2011
		KY304930_MSV_A_EastAfrica_2011
		KY304931_MSV_A_EastAfrica_2011
		KY304932_MSV_A_EastAfrica_2011
		KY304933_MSV_A_EastAfrica_2009
		KY304934_MSV_A_EastAfrica_2011
		KY304935_MSV_A_EastAfrica_2011
		KY304936_MSV_A_EastAfrica_2011
		KY304937_MSV_A_EastAfrica_2011
		KY304938_MSV_A_EastAfrica_2010
		KY304939_MSV_A_EastAfrica_2011
		KY304940_MSV_A_EastAfrica_2011
		KY304941_MSV_A_EastAfrica_2011
		KY304942_MSV_A_EastAfrica_2011
		KY304943_MSV_A_EastAfrica_2011
		KY304944_MSV_A_EastAfrica_2011
		KY304945_MSV_A_EastAfrica_2011
		KY304946_MSV_A_EastAfrica_2011
		KY304947_MSV_A_EastAfrica_2011
		KY304948_MSV_A_EastAfrica_2011
		KY304949_MSV_A_EastAfrica_2009
		KY304950_MSV_A_EastAfrica_2011
		KY304951_MSV_A_EastAfrica_2011
		KY304952_MSV_A_EastAfrica_2011
		KY304953_MSV_A_EastAfrica_2011
		KY304954_MSV_A_EastAfrica_2011
		KY304955_MSV_A_EastAfrica_2011
		KY304956_MSV_A_EastAfrica_2011
		KY304957_MSV_A_EastAfrica_2011
		KY304958_MSV_A_EastAfrica_2011
		KY304959_MSV_A_EastAfrica_2009
		KY304960_MSV_A_EastAfrica_2009
		KY304961_MSV_A_EastAfrica_2009
		KY304962_MSV_A_EastAfrica_2009
		KY304963_MSV_A_EastAfrica_2009
		KY304964_MSV_A_EastAfrica_2009
		KY304965_MSV_A_EastAfrica_2009
		KY304966_MSV_A_EastAfrica_2009
		KY304967_MSV_A_EastAfrica_2009
		KY304968_MSV_A_EastAfrica_2009
		KY304969_MSV_A_EastAfrica_2009
		KY304970_MSV_A_EastAfrica_2009
		KY304971_MSV_A_EastAfrica_2009
		KY304972_MSV_A_EastAfrica_2009
		KY304973_MSV_A_EastAfrica_2009
		KY304974_MSV_A_EastAfrica_2009
		KY304975_MSV_A_EastAfrica_2009
		KY304976_MSV_A_EastAfrica_2009
		KY304977_MSV_A_EastAfrica_2009
		KY304978_MSV_A_EastAfrica_2009
		KY304979_MSV_A_EastAfrica_2009
		KY304980_MSV_A_EastAfrica_2009
		KY304981_MSV_A_EastAfrica_2009
		KY304982_MSV_A_EastAfrica_2009
		KY304983_MSV_A_EastAfrica_2009
		KY304984_MSV_A_EastAfrica_2009
		KY304985_MSV_A_EastAfrica_2009
		KY304986_MSV_A_EastAfrica_2008
		KY304987_MSV_A_EastAfrica_2008
		KY304988_MSV_A_EastAfrica_2008
		KY304989_MSV_A_EastAfrica_2009
		KY304990_MSV_A_EastAfrica_2009
		KY304991_MSV_A_EastAfrica_2009
		KY304992_MSV_A_EastAfrica_2010
		KY311911_MSV_A_SouthernAfrica_2008
		KY311912_MSV_A_SouthernAfrica_2009
		KY311913_MSV_A_MadCom_2010
		KY311914_MSV_A_MadCom_2010
		KY311915_MSV_A_MadCom_2010
		KY311916_MSV_A_MadCom_2010
		KY311917_MSV_A_MadCom_2010
		KY311918_MSV_A_MadCom_2010
		KY311919_MSV_A_MadCom_2010
		KY311920_MSV_A_MadCom_2010
		KY311921_MSV_A_MadCom_2010
		KY311922_MSV_A_MadCom_2010
		KY311923_MSV_A_MadCom_2010
		KY311924_MSV_A_MadCom_2010
		KY311925_MSV_A_MadCom_2010
		KY311926_MSV_A_MadCom_2010
		KY311927_MSV_A_MadCom_2010
		KY311928_MSV_A_MadCom_2010
		KY311929_MSV_A_MadCom_2010
		KY311930_MSV_A_MadCom_2010
		KY311931_MSV_A_MadCom_2010
		KY311932_MSV_A_MadCom_2010
		KY311933_MSV_A_MadCom_2010
		KY311934_MSV_A_MadCom_2010
		KY311935_MSV_A_MadCom_2010
		KY311936_MSV_A_MadCom_2010
		KY311937_MSV_A_MadCom_2010
		KY311938_MSV_A_MadCom_2010
		KY311939_MSV_A_MadCom_2010
		KY311940_MSV_A_MadCom_2010
		KY311941_MSV_A_MadCom_2010
		KY311942_MSV_A_MadCom_2010
		KY311943_MSV_A_MadCom_2010
		KY311944_MSV_A_MadCom_2010
		KY311945_MSV_A_MadCom_2010
		KY311946_MSV_A_MadCom_2010
		KY311947_MSV_A_MadCom_2010
		KY311948_MSV_A_MadCom_2010
		KY311949_MSV_A_MadCom_2010
		KY311950_MSV_A_MadCom_2010
		KY311951_MSV_A_MadCom_2010
		KY311952_MSV_A_MadCom_2010
		KY311953_MSV_A_MadCom_2010
		KY311954_MSV_A_MadCom_2010
		KY311955_MSV_A_MadCom_2010
		KY311956_MSV_A_MadCom_2009
		KY311957_MSV_A_MadCom_2009
		KY311958_MSV_A_MadCom_2009
		KY311959_MSV_A_MadCom_2009
		KY311960_MSV_A_MadCom_2009
		KY311961_MSV_A_MadCom_2009
		KY311962_MSV_A_MadCom_2009
		KY311963_MSV_A_MadCom_2009
		KY311964_MSV_A_MadCom_2009
		KY311965_MSV_A_MadCom_2009
		KY311966_MSV_A_MadCom_2009
		KY311967_MSV_A_MadCom_2009
		KY311968_MSV_A_MadCom_2009
		KY618085_MSV_A_EastAfrica_1990
		KY618086_MSV_A_EastAfrica_1990
		KY618087_MSV_A_EastAfrica_1990
		KY618088_MSV_A_EastAfrica_1990
		KY618089_MSV_A_EastAfrica_1990
		KY618090_MSV_A_SouthernAfrica_1988
		KY618091_MSV_A_SouthernAfrica_1987
		KY618092_MSV_A_SouthernAfrica_1984
		KY618093_MSV_A_SouthEastAfrica_1987
		KY618094_MSV_A_SouthEastAfrica_1987
		KY618095_MSV_A_SouthEastAfrica_1987
		KY618096_MSV_A_EastAfrica_2012
		KY618097_MSV_A_SouthernAfrica_1988
		KY618098_MSV_A_SouthernAfrica_1988
		KY618099_MSV_A_SouthernAfrica_1987
		KY618100_MSV_A_SouthernAfrica_1987
		KY618101_MSV_A_SouthernAfrica_1987
		KY618102_MSV_A_SouthernAfrica_1987
		KY618103_MSV_A_SouthernAfrica_2010
		KY618104_MSV_A_SouthernAfrica_1987
		KY618105_MSV_A_SouthernAfrica_1987
		KY618106_MSV_A_SouthernAfrica_1987
		KY618107_MSV_A_SouthernAfrica_1987
		KY618108_MSV_A_SouthernAfrica_1987
		KY618109_MSV_A_SouthernAfrica_1987
		KY618110_MSV_A_SouthernAfrica_1987
		KY618111_MSV_A_SouthernAfrica_1987
		KY618112_MSV_A_SouthernAfrica_1987
		KY618113_MSV_A_SouthernAfrica_1987
		KY618114_MSV_A_SouthernAfrica_1987
		KY618115_MSV_A_SouthernAfrica_1987
		KY618116_MSV_A_SouthernAfrica_2010
		KY618117_MSV_A_SouthernAfrica_1987
		KY618118_MSV_A_EastAfrica_2012
		KY618119_MSV_A_SWIOI_1990
		KY618120_MSV_A_SWIOI_1990
		X01089_MSV_A_EastAfrica_1983
		X01633_MSV_A_WestAfrica_1983
		X94330_MSV_A_SWIOI_1987
		Y00514_MSV_A_SouthernAfrica_1986
		;
End;

Begin trees;
	Translate
		1 AF003952_MSV_A_SouthernAfrica_1989,
		2 AF239961_MSV_A_SouthernAfrica_1993,
		3 AF329878_MSV_A_EastAfrica_1998,
		4 AF329879_MSV_A_EastAfrica_1998,
		5 AF329880_MSV_A_EastAfrica_1998,
		6 AF329881_MSV_A_SouthEastAfrica_1994,
		7 AF329882_MSV_A_SouthEastAfrica_1996,
		8 AF329883_MSV_A_SouthEastAfrica_1998,
		9 AF329884_MSV_A_SouthernAfrica_1998,
		10 AF329885_MSV_A_EastAfrica_1984,
		11 AF395891_MSV_A_EastAfrica_1984,
		12 EF015778_MSV_A_EastAfrica_2005,
		13 EF015779_MSV_A_EastAfrica_2005,
		14 EF015780_MSV_A_EastAfrica_2005,
		15 EF015781_MSV_A_EastAfrica_2005,
		16 EF015782_MSV_A_EastAfrica_2005,
		17 EF015783_MSV_A_EastAfrica_2005,
		18 EF547063_MSV_A_EastAfrica_2005,
		19 EF547064_MSV_A_EastAfrica_2005,
		20 EF547065_MSV_A_EastAfrica_2005,
		21 EF547066_MSV_A_EastAfrica_2005,
		22 EF547067_MSV_A_EastAfrica_2005,
		23 EF547068_MSV_A_EastAfrica_2005,
		24 EF547069_MSV_A_EastAfrica_2005,
		25 EF547070_MSV_A_EastAfrica_2005,
		26 EF547071_MSV_A_EastAfrica_2005,
		27 EF547072_MSV_A_EastAfrica_2005,
		28 EF547073_MSV_A_EastAfrica_2005,
		29 EF547074_MSV_A_EastAfrica_2005,
		30 EF547075_MSV_A_EastAfrica_2005,
		31 EF547076_MSV_A_EastAfrica_2005,
		32 EF547077_MSV_A_EastAfrica_2005,
		33 EF547078_MSV_A_EastAfrica_2005,
		34 EF547079_MSV_A_EastAfrica_2005,
		35 EF547080_MSV_A_EastAfrica_2005,
		36 EF547081_MSV_A_EastAfrica_2005,
		37 EF547082_MSV_A_EastAfrica_2005,
		38 EF547083_MSV_A_EastAfrica_2005,
		39 EF547084_MSV_A_EastAfrica_2005,
		40 EF547085_MSV_A_EastAfrica_2005,
		41 EF547086_MSV_A_EastAfrica_2005,
		42 EF547087_MSV_A_EastAfrica_2005,
		43 EF547088_MSV_A_EastAfrica_2005,
		44 EF547089_MSV_A_EastAfrica_2005,
		45 EF547090_MSV_A_EastAfrica_2005,
		46 EF547091_MSV_A_EastAfrica_2005,
		47 EF547092_MSV_A_EastAfrica_2005,
		48 EF547093_MSV_A_EastAfrica_2005,
		49 EF547094_MSV_A_EastAfrica_2005,
		50 EF547095_MSV_A_EastAfrica_2005,
		51 EF547096_MSV_A_EastAfrica_2005,
		52 EF547097_MSV_A_EastAfrica_2005,
		53 EF547098_MSV_A_EastAfrica_2005,
		54 EF547099_MSV_A_EastAfrica_2005,
		55 EF547100_MSV_A_EastAfrica_2005,
		56 EF547101_MSV_A_EastAfrica_2005,
		57 EF547102_MSV_A_EastAfrica_2005,
		58 EF547103_MSV_A_EastAfrica_2005,
		59 EF547104_MSV_A_EastAfrica_2005,
		60 EF547105_MSV_A_EastAfrica_2005,
		61 EF547106_MSV_A_EastAfrica_2005,
		62 EF547107_MSV_A_EastAfrica_2005,
		63 EF547108_MSV_A_EastAfrica_2005,
		64 EF547109_MSV_A_EastAfrica_2005,
		65 EF547110_MSV_A_EastAfrica_2005,
		66 EF547111_MSV_A_EastAfrica_2005,
		67 EF547112_MSV_A_EastAfrica_2005,
		68 EF547113_MSV_A_EastAfrica_2005,
		69 EF547114_MSV_A_EastAfrica_2005,
		70 EF547115_MSV_A_EastAfrica_2005,
		71 EF547116_MSV_A_EastAfrica_2005,
		72 EF547117_MSV_A_EastAfrica_2005,
		73 EF547118_MSV_A_EastAfrica_2005,
		74 EF547119_MSV_A_EastAfrica_2005,
		75 EF547120_MSV_A_EastAfrica_2005,
		76 EF547121_MSV_A_EastAfrica_2005,
		77 EF547122_MSV_A_EastAfrica_2005,
		78 EF547123_MSV_A_EastAfrica_2005,
		79 EF547124_MSV_A_EastAfrica_2005,
		80 EU152254_MSV_A_SouthernAfrica_2007,
		81 EU152255_MSV_A_SouthernAfrica_2007,
		82 EU628564_MSV_A_Mozambique_2007,
		83 EU628565_MSV_A_Mozambique_2007,
		84 EU628566_MSV_A_WestAfrica_2007,
		85 EU628567_MSV_A_WestAfrica_2007,
		86 EU628568_MSV_A_SouthernAfrica_2006,
		87 EU628569_MSV_A_SouthernAfrica_2006,
		88 EU628571_MSV_A_SouthernAfrica_1986,
		89 EU628573_MSV_A_SouthernAfrica_2007,
		90 EU628574_MSV_A_SouthernAfrica_2006,
		91 EU628575_MSV_A_SouthernAfrica_2006,
		92 EU628576_MSV_A_SouthEastAfrica_2006,
		93 FJ882089_MSV_A_WestAfrica_1999,
		94 FJ882090_MSV_A_EastAfrica_1998,
		95 FJ882091_MSV_A_EastAfrica_1998,
		96 FJ882092_MSV_A_EastAfrica_2006,
		97 FJ882093_MSV_A_EastAfrica_1998,
		98 FJ882094_MSV_A_EastAfrica_1998,
		99 FJ882095_MSV_A_SouthernAfrica_2005,
		100 FJ882096_MSV_A_SouthernAfrica_2005,
		101 FJ882097_MSV_A_SouthernAfrica_2005,
		102 FJ882098_MSV_A_Mozambique_2006,
		103 FJ882099_MSV_A_Mozambique_2007,
		104 FJ882100_MSV_A_Mozambique_2007,
		105 FJ882101_MSV_A_Mozambique_2007,
		106 FJ882102_MSV_A_WestAfrica_2006,
		107 FJ882103_MSV_A_SWIOI_1995,
		108 FJ882104_MSV_A_SWIOI_1995,
		109 FJ882105_MSV_A_SWIOI_1986,
		110 FJ882106_MSV_A_CentralAfrica_1987,
		111 FJ882107_MSV_A_SouthernAfrica_2007,
		112 FJ882108_MSV_A_SouthernAfrica_2008,
		113 FJ882109_MSV_A_SouthernAfrica_1989,
		114 FJ882110_MSV_A_SouthernAfrica_1989,
		115 FJ882111_MSV_A_SouthernAfrica_1989,
		116 FJ882112_MSV_A_SouthernAfrica_1989,
		117 FJ882113_MSV_A_SouthernAfrica_1989,
		118 FJ882114_MSV_A_SouthernAfrica_1989,
		119 FJ882115_MSV_A_SouthernAfrica_1979,
		120 FJ882117_MSV_A_SouthernAfrica_1989,
		121 FJ882118_MSV_A_SouthernAfrica_1989,
		122 FJ882119_MSV_A_SouthernAfrica_1989,
		123 FJ882120_MSV_A_SouthernAfrica_1989,
		124 FJ882121_MSV_A_SouthernAfrica_1989,
		125 FJ882122_MSV_A_SouthernAfrica_1989,
		126 FJ882123_MSV_A_SouthernAfrica_1989,
		127 FJ882124_MSV_A_SouthernAfrica_2007,
		128 FJ882125_MSV_A_SouthernAfrica_2006,
		129 FJ882126_MSV_A_SouthernAfrica_2006,
		130 FJ882127_MSV_A_SouthernAfrica_2008,
		131 FJ882128_MSV_A_SouthernAfrica_2007,
		132 FJ882129_MSV_A_SouthernAfrica_1979,
		133 FJ882130_MSV_A_SouthernAfrica_1979,
		134 FJ882131_MSV_A_SouthernAfrica_1979,
		135 FJ882132_MSV_A_SouthernAfrica_1979,
		136 FJ882133_MSV_A_SouthernAfrica_1979,
		137 FJ882134_MSV_A_SouthernAfrica_1979,
		138 FJ882135_MSV_A_SouthernAfrica_1979,
		139 FJ882136_MSV_A_SouthernAfrica_1979,
		140 FJ882137_MSV_A_SouthernAfrica_1979,
		141 FJ882138_MSV_A_SouthernAfrica_2006,
		142 FJ882139_MSV_A_SouthernAfrica_1993,
		143 FJ882140_MSV_A_SouthEastAfrica_1987,
		144 FJ882141_MSV_A_SouthEastAfrica_2006,
		145 FJ882142_MSV_A_SouthEastAfrica_2006,
		146 FJ882143_MSV_A_SouthEastAfrica_1993,
		147 FJ882144_MSV_A_SouthEastAfrica_1993,
		148 FJ882145_MSV_A_SouthEastAfrica_1993,
		149 FJ882146_MSV_A_SouthEastAfrica_1993,
		150 FJ882147_MSV_A_SouthEastAfrica_1993,
		151 FJ882148_MSV_A_SouthEastAfrica_2008,
		152 FJ882149_MSV_A_SouthEastAfrica_1992,
		153 FM210279_MSV_A_CentralAfrica_2008,
		154 HQ693281_MSV_A_WestAfrica_2008,
		155 HQ693282_MSV_A_WestAfrica_2008,
		156 HQ693284_MSV_A_WestAfrica_2008,
		157 HQ693285_MSV_A_WestAfrica_2008,
		158 HQ693286_MSV_A_CentralAfrica_2008,
		159 HQ693287_MSV_A_CentralAfrica_2008,
		160 HQ693288_MSV_A_CentralAfrica_2008,
		161 HQ693289_MSV_A_CentralAfrica_2008,
		162 HQ693290_MSV_A_CentralAfrica_2008,
		163 HQ693291_MSV_A_CentralAfrica_2008,
		164 HQ693292_MSV_A_CentralAfrica_2008,
		165 HQ693293_MSV_A_CentralAfrica_2008,
		166 HQ693294_MSV_A_CentralAfrica_2008,
		167 HQ693295_MSV_A_CentralAfrica_2008,
		168 HQ693296_MSV_A_CentralAfrica_2008,
		169 HQ693297_MSV_A_CentralAfrica_2008,
		170 HQ693298_MSV_A_CentralAfrica_2008,
		171 HQ693299_MSV_A_CentralAfrica_2008,
		172 HQ693301_MSV_A_CentralAfrica_2008,
		173 HQ693302_MSV_A_CentralAfrica_2008,
		174 HQ693303_MSV_A_CentralAfrica_2008,
		175 HQ693304_MSV_A_CentralAfrica_2008,
		176 HQ693305_MSV_A_CentralAfrica_2008,
		177 HQ693306_MSV_A_CentralAfrica_2008,
		178 HQ693307_MSV_A_CentralAfrica_2008,
		179 HQ693308_MSV_A_CentralAfrica_2008,
		180 HQ693309_MSV_A_CentralAfrica_2008,
		181 HQ693310_MSV_A_CentralAfrica_2008,
		182 HQ693311_MSV_A_CentralAfrica_2008,
		183 HQ693312_MSV_A_CentralAfrica_2008,
		184 HQ693313_MSV_A_CentralAfrica_2008,
		185 HQ693314_MSV_A_CentralAfrica_2008,
		186 HQ693315_MSV_A_CentralAfrica_2008,
		187 HQ693316_MSV_A_CentralAfrica_2008,
		188 HQ693317_MSV_A_CentralAfrica_2008,
		189 HQ693318_MSV_A_CentralAfrica_2008,
		190 HQ693319_MSV_A_CentralAfrica_2008,
		191 HQ693320_MSV_A_CentralAfrica_2008,
		192 HQ693321_MSV_A_CentralAfrica_2008,
		193 HQ693323_MSV_A_CentralAfrica_2008,
		194 HQ693324_MSV_A_CentralAfrica_2008,
		195 HQ693325_MSV_A_CentralAfrica_2008,
		196 HQ693326_MSV_A_CentralAfrica_2008,
		197 HQ693327_MSV_A_CentralAfrica_2008,
		198 HQ693328_MSV_A_CentralAfrica_1998,
		199 HQ693329_MSV_A_EastAfrica_2008,
		200 HQ693330_MSV_A_EastAfrica_2008,
		201 HQ693331_MSV_A_EastAfrica_2008,
		202 HQ693332_MSV_A_EastAfrica_2008,
		203 HQ693333_MSV_A_EastAfrica_2008,
		204 HQ693334_MSV_A_EastAfrica_2008,
		205 HQ693335_MSV_A_Mozambique_2007,
		206 HQ693337_MSV_A_Mozambique_2007,
		207 HQ693338_MSV_A_Mozambique_2007,
		208 HQ693339_MSV_A_Mozambique_2007,
		209 HQ693340_MSV_A_Mozambique_2007,
		210 HQ693341_MSV_A_Mozambique_2007,
		211 HQ693342_MSV_A_Mozambique_2007,
		212 HQ693343_MSV_A_Mozambique_2007,
		213 HQ693344_MSV_A_Mozambique_2007,
		214 HQ693345_MSV_A_Mozambique_2007,
		215 HQ693346_MSV_A_Mozambique_2007,
		216 HQ693347_MSV_A_Mozambique_2007,
		217 HQ693348_MSV_A_Mozambique_2007,
		218 HQ693349_MSV_A_Mozambique_2006,
		219 HQ693350_MSV_A_Mozambique_2007,
		220 HQ693351_MSV_A_Mozambique_2007,
		221 HQ693352_MSV_A_Mozambique_2007,
		222 HQ693353_MSV_A_Mozambique_2007,
		223 HQ693354_MSV_A_Mozambique_2007,
		224 HQ693355_MSV_A_Mozambique_2007,
		225 HQ693356_MSV_A_Mozambique_2007,
		226 HQ693357_MSV_A_Mozambique_2007,
		227 HQ693358_MSV_A_Mozambique_2007,
		228 HQ693359_MSV_A_Mozambique_2007,
		229 HQ693360_MSV_A_Mozambique_2007,
		230 HQ693361_MSV_A_Mozambique_2007,
		231 HQ693362_MSV_A_Mozambique_2007,
		232 HQ693363_MSV_A_Mozambique_2007,
		233 HQ693364_MSV_A_Mozambique_2007,
		234 HQ693365_MSV_A_Mozambique_2007,
		235 HQ693366_MSV_A_Mozambique_2007,
		236 HQ693367_MSV_A_WestAfrica_2006,
		237 HQ693368_MSV_A_WestAfrica_2006,
		238 HQ693369_MSV_A_WestAfrica_2007,
		239 HQ693370_MSV_A_WestAfrica_2007,
		240 HQ693371_MSV_A_WestAfrica_2007,
		241 HQ693372_MSV_A_WestAfrica_2007,
		242 HQ693373_MSV_A_WestAfrica_2007,
		243 HQ693374_MSV_A_WestAfrica_2006,
		244 HQ693375_MSV_A_WestAfrica_2006,
		245 HQ693376_MSV_A_WestAfrica_2007,
		246 HQ693377_MSV_A_WestAfrica_2006,
		247 HQ693378_MSV_A_WestAfrica_2007,
		248 HQ693379_MSV_A_WestAfrica_2007,
		249 HQ693380_MSV_A_WestAfrica_2006,
		250 HQ693381_MSV_A_WestAfrica_2006,
		251 HQ693382_MSV_A_WestAfrica_2007,
		252 HQ693383_MSV_A_WestAfrica_2007,
		253 HQ693384_MSV_A_WestAfrica_2007,
		254 HQ693385_MSV_A_WestAfrica_2007,
		255 HQ693386_MSV_A_WestAfrica_2006,
		256 HQ693387_MSV_A_WestAfrica_2006,
		257 HQ693388_MSV_A_WestAfrica_2007,
		258 HQ693389_MSV_A_WestAfrica_2007,
		259 HQ693390_MSV_A_WestAfrica_2007,
		260 HQ693391_MSV_A_WestAfrica_2007,
		261 HQ693392_MSV_A_WestAfrica_2007,
		262 HQ693393_MSV_A_WestAfrica_2007,
		263 HQ693394_MSV_A_SWIOI_1995,
		264 HQ693395_MSV_A_SWIOI_1995,
		265 HQ693396_MSV_A_SWIOI_1994,
		266 HQ693398_MSV_A_SWIOI_1991,
		267 HQ693399_MSV_A_SWIOI_1997,
		268 HQ693400_MSV_A_SouthernAfrica_2008,
		269 HQ693401_MSV_A_SouthernAfrica_2008,
		270 HQ693402_MSV_A_SouthernAfrica_2008,
		271 HQ693403_MSV_A_SouthernAfrica_2008,
		272 HQ693404_MSV_A_SouthernAfrica_2008,
		273 HQ693405_MSV_A_SouthernAfrica_2006,
		274 HQ693406_MSV_A_SouthernAfrica_2006,
		275 HQ693407_MSV_A_SouthernAfrica_2006,
		276 HQ693408_MSV_A_SouthernAfrica_2007,
		277 HQ693409_MSV_A_SouthernAfrica_2008,
		278 HQ693410_MSV_A_SouthernAfrica_2008,
		279 HQ693411_MSV_A_SouthernAfrica_2008,
		280 HQ693412_MSV_A_SouthernAfrica_1988,
		281 HQ693413_MSV_A_SouthernAfrica_1989,
		282 HQ693414_MSV_A_SouthernAfrica_2007,
		283 HQ693415_MSV_A_SouthernAfrica_2006,
		284 HQ693416_MSV_A_SouthernAfrica_2007,
		285 HQ693417_MSV_A_SouthernAfrica_1989,
		286 HQ693418_MSV_A_SouthernAfrica_2007,
		287 HQ693419_MSV_A_SouthernAfrica_1989,
		288 HQ693420_MSV_A_SouthernAfrica_1988,
		289 HQ693421_MSV_A_SouthernAfrica_1988,
		290 HQ693422_MSV_A_SouthernAfrica_2007,
		291 HQ693423_MSV_A_SouthernAfrica_2007,
		292 HQ693424_MSV_A_SouthernAfrica_2007,
		293 HQ693425_MSV_A_SouthernAfrica_2007,
		294 HQ693426_MSV_A_SouthernAfrica_2007,
		295 HQ693427_MSV_A_SouthernAfrica_2006,
		296 HQ693428_MSV_A_SouthernAfrica_2007,
		297 HQ693429_MSV_A_SouthernAfrica_1989,
		298 HQ693430_MSV_A_SouthernAfrica_2008,
		299 HQ693431_MSV_A_SouthernAfrica_2008,
		300 HQ693432_MSV_A_SouthernAfrica_2008,
		301 HQ693433_MSV_A_SouthernAfrica_2008,
		302 HQ693434_MSV_A_SouthernAfrica_2008,
		303 HQ693435_MSV_A_SouthernAfrica_2008,
		304 HQ693436_MSV_A_SouthernAfrica_2008,
		305 HQ693437_MSV_A_SouthernAfrica_2006,
		306 HQ693438_MSV_A_SouthernAfrica_2008,
		307 HQ693439_MSV_A_SouthernAfrica_2007,
		308 HQ693440_MSV_A_SouthernAfrica_2008,
		309 HQ693443_MSV_A_SouthernAfrica_2008,
		310 HQ693444_MSV_A_SouthernAfrica_2008,
		311 HQ693445_MSV_A_SouthernAfrica_2008,
		312 HQ693446_MSV_A_SouthernAfrica_2008,
		313 HQ693447_MSV_A_SouthernAfrica_2008,
		314 HQ693448_MSV_A_SouthernAfrica_2008,
		315 HQ693449_MSV_A_SouthernAfrica_2008,
		316 HQ693450_MSV_A_SouthEastAfrica_2008,
		317 HQ693451_MSV_A_SouthEastAfrica_2008,
		318 HQ693452_MSV_A_SouthEastAfrica_2008,
		319 HQ693453_MSV_A_SouthEastAfrica_2008,
		320 HQ693454_MSV_A_SouthEastAfrica_2008,
		321 HQ693455_MSV_A_SouthEastAfrica_2008,
		322 HQ693456_MSV_A_SouthEastAfrica_2008,
		323 HQ693457_MSV_A_SouthEastAfrica_2008,
		324 HQ693458_MSV_A_SouthEastAfrica_2008,
		325 HQ693459_MSV_A_SouthEastAfrica_2008,
		326 HQ693460_MSV_A_SouthEastAfrica_2008,
		327 HQ693461_MSV_A_SouthEastAfrica_2008,
		328 HQ693462_MSV_A_SouthEastAfrica_2008,
		329 HQ693463_MSV_A_SouthEastAfrica_2008,
		330 HQ693464_MSV_A_SouthEastAfrica_2008,
		331 HQ693465_MSV_A_SouthEastAfrica_2008,
		332 HQ693466_MSV_A_SouthEastAfrica_2008,
		333 HQ693467_MSV_A_SouthEastAfrica_2006,
		334 HQ693468_MSV_A_SouthEastAfrica_2006,
		335 HQ693469_MSV_A_SouthEastAfrica_2006,
		336 HQ693470_MSV_A_SouthEastAfrica_2006,
		337 HQ693471_MSV_A_SouthEastAfrica_2006,
		338 HQ693472_MSV_A_SouthEastAfrica_2006,
		339 HQ693473_MSV_A_SouthEastAfrica_2006,
		340 HQ693474_MSV_A_SouthEastAfrica_1994,
		341 KJ437657_MSV_A_WestAfrica_2011,
		342 KJ437658_MSV_A_WestAfrica_2011,
		343 KJ437659_MSV_A_WestAfrica_2011,
		344 KJ437660_MSV_A_WestAfrica_2011,
		345 KJ437661_MSV_A_WestAfrica_2011,
		346 KJ437662_MSV_A_WestAfrica_2011,
		347 KJ437663_MSV_A_WestAfrica_2011,
		348 KJ437664_MSV_A_WestAfrica_2011,
		349 KJ699303_MSV_A_WestAfrica_2010,
		350 KJ699304_MSV_A_WestAfrica_2010,
		351 KJ699305_MSV_A_WestAfrica_2010,
		352 KJ699306_MSV_A_WestAfrica_2010,
		353 KJ699307_MSV_A_WestAfrica_2010,
		354 KJ699308_MSV_A_WestAfrica_2010,
		355 KJ699309_MSV_A_WestAfrica_2010,
		356 KJ699310_MSV_A_WestAfrica_2010,
		357 KJ699311_MSV_A_WestAfrica_2010,
		358 KJ699312_MSV_A_WestAfrica_2010,
		359 KJ699313_MSV_A_WestAfrica_2010,
		360 KJ699314_MSV_A_WestAfrica_2010,
		361 KJ699315_MSV_A_WestAfrica_2010,
		362 KJ699316_MSV_A_WestAfrica_2010,
		363 KJ699317_MSV_A_WestAfrica_2010,
		364 KJ699318_MSV_A_WestAfrica_2010,
		365 KJ699319_MSV_A_WestAfrica_2010,
		366 KJ699320_MSV_A_WestAfrica_2010,
		367 KJ699321_MSV_A_WestAfrica_2010,
		368 KJ699322_MSV_A_WestAfrica_2010,
		369 KJ699323_MSV_A_WestAfrica_2010,
		370 KJ699324_MSV_A_WestAfrica_2010,
		371 KJ699325_MSV_A_WestAfrica_2010,
		372 KJ699326_MSV_A_WestAfrica_2010,
		373 KJ699327_MSV_A_WestAfrica_2010,
		374 KJ699328_MSV_A_WestAfrica_2010,
		375 KJ699330_MSV_A_WestAfrica_2010,
		376 KJ699331_MSV_A_WestAfrica_2010,
		377 KJ699332_MSV_A_WestAfrica_2010,
		378 KJ699333_MSV_A_WestAfrica_2010,
		379 KJ699334_MSV_A_WestAfrica_2010,
		380 KJ699335_MSV_A_WestAfrica_2010,
		381 KJ699336_MSV_A_WestAfrica_2010,
		382 KJ699337_MSV_A_WestAfrica_2010,
		383 KJ699338_MSV_A_WestAfrica_2010,
		384 KJ699339_MSV_A_WestAfrica_2010,
		385 KJ699340_MSV_A_WestAfrica_2010,
		386 KJ699341_MSV_A_WestAfrica_2010,
		387 KJ699342_MSV_A_WestAfrica_2010,
		388 KJ699343_MSV_A_WestAfrica_2010,
		389 KJ699344_MSV_A_WestAfrica_2010,
		390 KJ699345_MSV_A_WestAfrica_2010,
		391 KJ699346_MSV_A_WestAfrica_2010,
		392 KJ699347_MSV_A_WestAfrica_2010,
		393 KJ699348_MSV_A_WestAfrica_2010,
		394 KJ699349_MSV_A_WestAfrica_2010,
		395 KJ699350_MSV_A_WestAfrica_2010,
		396 KJ699351_MSV_A_WestAfrica_2010,
		397 KJ699352_MSV_A_WestAfrica_2010,
		398 KJ699353_MSV_A_WestAfrica_2010,
		399 KX787926__WestAfrica_2015,
		400 KX787927__WestAfrica_2015,
		401 KX787928__WestAfrica_2015,
		402 KX787929__WestAfrica_2015,
		403 KX787930__WestAfrica_2015,
		404 KX787931__WestAfrica_2015,
		405 KX787932__WestAfrica_2015,
		406 KY290454_MSV_A_EastAfrica_2010,
		407 KY290455_MSV_A_EastAfrica_2010,
		408 KY290456_MSV_A_EastAfrica_2010,
		409 KY290457_MSV_A_EastAfrica_2010,
		410 KY304831_MSV_A_EastAfrica_2010,
		411 KY304832_MSV_A_EastAfrica_2010,
		412 KY304833_MSV_A_EastAfrica_2010,
		413 KY304834_MSV_A_EastAfrica_2010,
		414 KY304835_MSV_A_EastAfrica_2010,
		415 KY304836_MSV_A_EastAfrica_2010,
		416 KY304837_MSV_A_EastAfrica_2010,
		417 KY304838_MSV_A_EastAfrica_2010,
		418 KY304839_MSV_A_EastAfrica_2010,
		419 KY304840_MSV_A_EastAfrica_2010,
		420 KY304841_MSV_A_EastAfrica_2010,
		421 KY304842_MSV_A_EastAfrica_2010,
		422 KY304843_MSV_A_EastAfrica_2010,
		423 KY304844_MSV_A_EastAfrica_2010,
		424 KY304845_MSV_A_EastAfrica_2010,
		425 KY304846_MSV_A_EastAfrica_2010,
		426 KY304847_MSV_A_EastAfrica_2010,
		427 KY304848_MSV_A_EastAfrica_2010,
		428 KY304849_MSV_A_EastAfrica_2010,
		429 KY304850_MSV_A_EastAfrica_2010,
		430 KY304851_MSV_A_EastAfrica_2010,
		431 KY304852_MSV_A_EastAfrica_2010,
		432 KY304853_MSV_A_EastAfrica_2010,
		433 KY304854_MSV_A_EastAfrica_2010,
		434 KY304855_MSV_A_EastAfrica_2010,
		435 KY304856_MSV_A_EastAfrica_2010,
		436 KY304857_MSV_A_EastAfrica_2010,
		437 KY304858_MSV_A_EastAfrica_2010,
		438 KY304859_MSV_A_EastAfrica_2010,
		439 KY304860_MSV_A_EastAfrica_2010,
		440 KY304861_MSV_A_EastAfrica_2010,
		441 KY304862_MSV_A_EastAfrica_2010,
		442 KY304863_MSV_A_EastAfrica_2010,
		443 KY304864_MSV_A_EastAfrica_2010,
		444 KY304865_MSV_A_EastAfrica_2010,
		445 KY304866_MSV_A_EastAfrica_2010,
		446 KY304867_MSV_A_EastAfrica_2010,
		447 KY304868_MSV_A_EastAfrica_2010,
		448 KY304869_MSV_A_EastAfrica_2010,
		449 KY304870_MSV_A_EastAfrica_2010,
		450 KY304871_MSV_A_EastAfrica_2010,
		451 KY304872_MSV_A_EastAfrica_2010,
		452 KY304873_MSV_A_EastAfrica_2010,
		453 KY304874_MSV_A_EastAfrica_2010,
		454 KY304875_MSV_A_EastAfrica_2010,
		455 KY304876_MSV_A_EastAfrica_2010,
		456 KY304877_MSV_A_EastAfrica_2010,
		457 KY304878_MSV_A_EastAfrica_2009,
		458 KY304879_MSV_A_EastAfrica_2009,
		459 KY304880_MSV_A_EastAfrica_2010,
		460 KY304881_MSV_A_EastAfrica_2010,
		461 KY304882_MSV_A_EastAfrica_2010,
		462 KY304883_MSV_A_EastAfrica_2010,
		463 KY304884_MSV_A_EastAfrica_2010,
		464 KY304885_MSV_A_EastAfrica_2010,
		465 KY304886_MSV_A_EastAfrica_2010,
		466 KY304887_MSV_A_EastAfrica_2010,
		467 KY304888_MSV_A_EastAfrica_2010,
		468 KY304889_MSV_A_EastAfrica_2010,
		469 KY304890_MSV_A_EastAfrica_2010,
		470 KY304891_MSV_A_EastAfrica_2010,
		471 KY304892_MSV_A_EastAfrica_2010,
		472 KY304893_MSV_A_EastAfrica_2010,
		473 KY304894_MSV_A_EastAfrica_2010,
		474 KY304895_MSV_A_EastAfrica_2010,
		475 KY304896_MSV_A_EastAfrica_2009,
		476 KY304897_MSV_A_EastAfrica_2010,
		477 KY304898_MSV_A_EastAfrica_2009,
		478 KY304899_MSV_A_EastAfrica_2010,
		479 KY304900_MSV_A_EastAfrica_2010,
		480 KY304901_MSV_A_EastAfrica_2010,
		481 KY304902_MSV_A_EastAfrica_2010,
		482 KY304903_MSV_A_EastAfrica_2009,
		483 KY304904_MSV_A_EastAfrica_2010,
		484 KY304905_MSV_A_EastAfrica_2010,
		485 KY304906_MSV_A_EastAfrica_2010,
		486 KY304907_MSV_A_EastAfrica_2010,
		487 KY304908_MSV_A_EastAfrica_2010,
		488 KY304909_MSV_A_EastAfrica_2010,
		489 KY304910_MSV_A_EastAfrica_2010,
		490 KY304911_MSV_A_EastAfrica_2010,
		491 KY304912_MSV_A_EastAfrica_2010,
		492 KY304913_MSV_A_EastAfrica_2010,
		493 KY304914_MSV_A_EastAfrica_2010,
		494 KY304915_MSV_A_EastAfrica_2010,
		495 KY304916_MSV_A_EastAfrica_2010,
		496 KY304917_MSV_A_EastAfrica_2009,
		497 KY304918_MSV_A_EastAfrica_2010,
		498 KY304919_MSV_A_EastAfrica_2010,
		499 KY304920_MSV_A_EastAfrica_2010,
		500 KY304921_MSV_A_EastAfrica_2010,
		501 KY304922_MSV_A_EastAfrica_2010,
		502 KY304923_MSV_A_EastAfrica_2011,
		503 KY304924_MSV_A_EastAfrica_2011,
		504 KY304925_MSV_A_EastAfrica_2011,
		505 KY304926_MSV_A_EastAfrica_2011,
		506 KY304928_MSV_A_EastAfrica_2011,
		507 KY304929_MSV_A_EastAfrica_2011,
		508 KY304930_MSV_A_EastAfrica_2011,
		509 KY304931_MSV_A_EastAfrica_2011,
		510 KY304932_MSV_A_EastAfrica_2011,
		511 KY304933_MSV_A_EastAfrica_2009,
		512 KY304934_MSV_A_EastAfrica_2011,
		513 KY304935_MSV_A_EastAfrica_2011,
		514 KY304936_MSV_A_EastAfrica_2011,
		515 KY304937_MSV_A_EastAfrica_2011,
		516 KY304938_MSV_A_EastAfrica_2010,
		517 KY304939_MSV_A_EastAfrica_2011,
		518 KY304940_MSV_A_EastAfrica_2011,
		519 KY304941_MSV_A_EastAfrica_2011,
		520 KY304942_MSV_A_EastAfrica_2011,
		521 KY304943_MSV_A_EastAfrica_2011,
		522 KY304944_MSV_A_EastAfrica_2011,
		523 KY304945_MSV_A_EastAfrica_2011,
		524 KY304946_MSV_A_EastAfrica_2011,
		525 KY304947_MSV_A_EastAfrica_2011,
		526 KY304948_MSV_A_EastAfrica_2011,
		527 KY304949_MSV_A_EastAfrica_2009,
		528 KY304950_MSV_A_EastAfrica_2011,
		529 KY304951_MSV_A_EastAfrica_2011,
		530 KY304952_MSV_A_EastAfrica_2011,
		531 KY304953_MSV_A_EastAfrica_2011,
		532 KY304954_MSV_A_EastAfrica_2011,
		533 KY304955_MSV_A_EastAfrica_2011,
		534 KY304956_MSV_A_EastAfrica_2011,
		535 KY304957_MSV_A_EastAfrica_2011,
		536 KY304958_MSV_A_EastAfrica_2011,
		537 KY304959_MSV_A_EastAfrica_2009,
		538 KY304960_MSV_A_EastAfrica_2009,
		539 KY304961_MSV_A_EastAfrica_2009,
		540 KY304962_MSV_A_EastAfrica_2009,
		541 KY304963_MSV_A_EastAfrica_2009,
		542 KY304964_MSV_A_EastAfrica_2009,
		543 KY304965_MSV_A_EastAfrica_2009,
		544 KY304966_MSV_A_EastAfrica_2009,
		545 KY304967_MSV_A_EastAfrica_2009,
		546 KY304968_MSV_A_EastAfrica_2009,
		547 KY304969_MSV_A_EastAfrica_2009,
		548 KY304970_MSV_A_EastAfrica_2009,
		549 KY304971_MSV_A_EastAfrica_2009,
		550 KY304972_MSV_A_EastAfrica_2009,
		551 KY304973_MSV_A_EastAfrica_2009,
		552 KY304974_MSV_A_EastAfrica_2009,
		553 KY304975_MSV_A_EastAfrica_2009,
		554 KY304976_MSV_A_EastAfrica_2009,
		555 KY304977_MSV_A_EastAfrica_2009,
		556 KY304978_MSV_A_EastAfrica_2009,
		557 KY304979_MSV_A_EastAfrica_2009,
		558 KY304980_MSV_A_EastAfrica_2009,
		559 KY304981_MSV_A_EastAfrica_2009,
		560 KY304982_MSV_A_EastAfrica_2009,
		561 KY304983_MSV_A_EastAfrica_2009,
		562 KY304984_MSV_A_EastAfrica_2009,
		563 KY304985_MSV_A_EastAfrica_2009,
		564 KY304986_MSV_A_EastAfrica_2008,
		565 KY304987_MSV_A_EastAfrica_2008,
		566 KY304988_MSV_A_EastAfrica_2008,
		567 KY304989_MSV_A_EastAfrica_2009,
		568 KY304990_MSV_A_EastAfrica_2009,
		569 KY304991_MSV_A_EastAfrica_2009,
		570 KY304992_MSV_A_EastAfrica_2010,
		571 KY311911_MSV_A_SouthernAfrica_2008,
		572 KY311912_MSV_A_SouthernAfrica_2009,
		573 KY311913_MSV_A_MadCom_2010,
		574 KY311914_MSV_A_MadCom_2010,
		575 KY311915_MSV_A_MadCom_2010,
		576 KY311916_MSV_A_MadCom_2010,
		577 KY311917_MSV_A_MadCom_2010,
		578 KY311918_MSV_A_MadCom_2010,
		579 KY311919_MSV_A_MadCom_2010,
		580 KY311920_MSV_A_MadCom_2010,
		581 KY311921_MSV_A_MadCom_2010,
		582 KY311922_MSV_A_MadCom_2010,
		583 KY311923_MSV_A_MadCom_2010,
		584 KY311924_MSV_A_MadCom_2010,
		585 KY311925_MSV_A_MadCom_2010,
		586 KY311926_MSV_A_MadCom_2010,
		587 KY311927_MSV_A_MadCom_2010,
		588 KY311928_MSV_A_MadCom_2010,
		589 KY311929_MSV_A_MadCom_2010,
		590 KY311930_MSV_A_MadCom_2010,
		591 KY311931_MSV_A_MadCom_2010,
		592 KY311932_MSV_A_MadCom_2010,
		593 KY311933_MSV_A_MadCom_2010,
		594 KY311934_MSV_A_MadCom_2010,
		595 KY311935_MSV_A_MadCom_2010,
		596 KY311936_MSV_A_MadCom_2010,
		597 KY311937_MSV_A_MadCom_2010,
		598 KY311938_MSV_A_MadCom_2010,
		599 KY311939_MSV_A_MadCom_2010,
		600 KY311940_MSV_A_MadCom_2010,
		601 KY311941_MSV_A_MadCom_2010,
		602 KY311942_MSV_A_MadCom_2010,
		603 KY311943_MSV_A_MadCom_2010,
		604 KY311944_MSV_A_MadCom_2010,
		605 KY311945_MSV_A_MadCom_2010,
		606 KY311946_MSV_A_MadCom_2010,
		607 KY311947_MSV_A_MadCom_2010,
		608 KY311948_MSV_A_MadCom_2010,
		609 KY311949_MSV_A_MadCom_2010,
		610 KY311950_MSV_A_MadCom_2010,
		611 KY311951_MSV_A_MadCom_2010,
		612 KY311952_MSV_A_MadCom_2010,
		613 KY311953_MSV_A_MadCom_2010,
		614 KY311954_MSV_A_MadCom_2010,
		615 KY311955_MSV_A_MadCom_2010,
		616 KY311956_MSV_A_MadCom_2009,
		617 KY311957_MSV_A_MadCom_2009,
		618 KY311958_MSV_A_MadCom_2009,
		619 KY311959_MSV_A_MadCom_2009,
		620 KY311960_MSV_A_MadCom_2009,
		621 KY311961_MSV_A_MadCom_2009,
		622 KY311962_MSV_A_MadCom_2009,
		623 KY311963_MSV_A_MadCom_2009,
		624 KY311964_MSV_A_MadCom_2009,
		625 KY311965_MSV_A_MadCom_2009,
		626 KY311966_MSV_A_MadCom_2009,
		627 KY311967_MSV_A_MadCom_2009,
		628 KY311968_MSV_A_MadCom_2009,
		629 KY618085_MSV_A_EastAfrica_1990,
		630 KY618086_MSV_A_EastAfrica_1990,
		631 KY618087_MSV_A_EastAfrica_1990,
		632 KY618088_MSV_A_EastAfrica_1990,
		633 KY618089_MSV_A_EastAfrica_1990,
		634 KY618090_MSV_A_SouthernAfrica_1988,
		635 KY618091_MSV_A_SouthernAfrica_1987,
		636 KY618092_MSV_A_SouthernAfrica_1984,
		637 KY618093_MSV_A_SouthEastAfrica_1987,
		638 KY618094_MSV_A_SouthEastAfrica_1987,
		639 KY618095_MSV_A_SouthEastAfrica_1987,
		640 KY618096_MSV_A_EastAfrica_2012,
		641 KY618097_MSV_A_SouthernAfrica_1988,
		642 KY618098_MSV_A_SouthernAfrica_1988,
		643 KY618099_MSV_A_SouthernAfrica_1987,
		644 KY618100_MSV_A_SouthernAfrica_1987,
		645 KY618101_MSV_A_SouthernAfrica_1987,
		646 KY618102_MSV_A_SouthernAfrica_1987,
		647 KY618103_MSV_A_SouthernAfrica_2010,
		648 KY618104_MSV_A_SouthernAfrica_1987,
		649 KY618105_MSV_A_SouthernAfrica_1987,
		650 KY618106_MSV_A_SouthernAfrica_1987,
		651 KY618107_MSV_A_SouthernAfrica_1987,
		652 KY618108_MSV_A_SouthernAfrica_1987,
		653 KY618109_MSV_A_SouthernAfrica_1987,
		654 KY618110_MSV_A_SouthernAfrica_1987,
		655 KY618111_MSV_A_SouthernAfrica_1987,
		656 KY618112_MSV_A_SouthernAfrica_1987,
		657 KY618113_MSV_A_SouthernAfrica_1987,
		658 KY618114_MSV_A_SouthernAfrica_1987,
		659 KY618115_MSV_A_SouthernAfrica_1987,
		660 KY618116_MSV_A_SouthernAfrica_2010,
		661 KY618117_MSV_A_SouthernAfrica_1987,
		662 KY618118_MSV_A_EastAfrica_2012,
		663 KY618119_MSV_A_SWIOI_1990,
		664 KY618120_MSV_A_SWIOI_1990,
		665 X01089_MSV_A_EastAfrica_1983,
		666 X01633_MSV_A_WestAfrica_1983,
		667 X94330_MSV_A_SWIOI_1987,
		668 Y00514_MSV_A_SouthernAfrica_1986
		;
tree TREE1 = [&R] (((665[&length_range={1.8674077162234255,67.42722686646471},length_95%_HPD={2.513607844978509,30.804390740110634},length=14.098379631463583,location.rate_95%_HPD={0.006486645430943333,0.012155266008224062},location.rate_median=0.009089752470348383,height_median=32.0,location.set.prob={1.0},Eight_loc_Rec_regions_removed.rate_median=6.32214621009012E-4,height_range={31.999999999999915,32.00000000000014},location.rate=0.009175570851761796,Eight_loc_Rec_regions_removed.rate=7.445159323134942E-4,height_95%_HPD={31.99999999999997,32.00000000000003},Eight_loc_Rec_regions_removed.rate_95%_HPD={1.200457641635529E-4,0.001645474707347978},length_median=12.024867904692968,location="EastAfrica",location.prob=1.0,Eight_loc_Rec_regions_removed.rate_range={8.598230503782892E-5,0.004235138897367237},location.set={"EastAfrica"},Eight_loc_Rec_regions_removed.prob=0.8243918693768744,Eight_loc_Rec_regions_removed.set.prob={0.0036654448517160947,0.0036654448517160947,3.332222592469177E-4,3.332222592469177E-4,3.332222592469177E-4,3.332222592469177E-4,3.332222592469177E-4,3.332222592469177E-4,3.332222592469177E-4,6.664445184938354E-4,6.664445184938354E-4,3.332222592469177E-4,6.664445184938354E-4,3.332222592469177E-4,3.332222592469177E-4,3.332222592469177E-4,3.332222592469177E-4,0.0016661112962345886,3.332222592469177E-4,6.664445184938354E-4,6.664445184938354E-4,3.332222592469177E-4,0.007664111962679107,3.332222592469177E-4,0.005331556147950683,9.99666777740753E-4,9.99666777740753E-4,0.0036654448517160947,0.0023325558147284237,0.020993002332555816,9.99666777740753E-4,3.332222592469177E-4,0.0016661112962345886,0.006664445184938354,9.99666777740753E-4,3.332222592469177E-4,3.332222592469177E-4,0.009996667777407531,9.99666777740753E-4,0.009996667777407531,3.332222592469177E-4,0.006331222925691436,3.332222592469177E-4,0.00866377874041986,3.332222592469177E-4,9.99666777740753E-4,6.664445184938354E-4,6.664445184938354E-4,3.332222592469177E-4,3.332222592469177E-4,3.332222592469177E-4,0.005664778407197601,0.022659113628790403,0.0013328890369876708,9.99666777740753E-4,3.332222592469177E-4,0.8243918693768744,0.021326224591802733,3.332222592469177E-4,3.332222592469177E-4,0.010663112295901367,6.664445184938354E-4,3.332222592469177E-4},location.rate_range={0.005084148127728685,0.014491273666078528},height=32.0]:26.696174842458298,((631[&length_range={0.3394255966188595,18.861136614670833},length_95%_HPD={1.1642085283030603,11.892360616883416},length=6.666191918148038,location.rate_95%_HPD={0.006486645430943333,0.012155266008224062},location.rate_median=0.009089752470348383,height_median=25.0,location.set.prob={1.0},Eight_loc_Rec_regions_removed.rate_median=7.350784993113476E-4,height_range={24.999999999999886,25.000000000000142},location.rate=0.009175570851761796,Eight_loc_Rec_regions_removed.rate=9.101318715687785E-4,height_95%_HPD={24.99999999999997,25.000000000000043},Eight_loc_Rec_regions_removed.rate_95%_HPD={2.1750509506735375E-4,0.002133654900442045},length_median=6.630927738168925,location="EastAfrica",location.prob=1.0,Eight_loc_Rec_regions_removed.rate_range={1.3999026893571012E-4,0.008047885986351344},location.set={"EastAfrica"},Eight_loc_Rec_regions_removed.prob=0.8400533155614796,Eight_loc_Rec_regions_removed.set.prob={3.332222592469177E-4,0.012329223592135955,9.99666777740753E-4,9.99666777740753E-4,0.0016661112962345886,0.00866377874041986,0.003998667110963012,0.02032655781406198,0.010329890036654448,3.332222592469177E-4,0.0036654448517160947,3.332222592469177E-4,3.332222592469177E-4,3.332222592469177E-4,0.003998667110963012,9.99666777740753E-4,0.0023325558147284237,3.332222592469177E-4,0.025324891702765744,0.005331556147950683,6.664445184938354E-4,0.021326224591802733,6.664445184938354E-4,3.332222592469177E-4,0.8400533155614796,0.006664445184938354,3.332222592469177E-4,0.011329556814395202,0.007997334221926024,3.332222592469177E-4,0.004998333888703766,3.332222592469177E-4,0.0013328890369876708,6.664445184938354E-4},location.rate_range={0.005084148127728685,0.014491273666078528},height=25.0]:11.115333971731268,95[&length_range={8.33942559661886,36.024544950493336},length_95%_HPD={8.948125742323818,22.085777712949856},length=15.176099827992122,location.rate_95%_HPD={0.006486645430943333,0.012155266008224062},location.rate_median=0.009089752470348383,height_median=17.0,location.set.prob={1.0},Eight_loc_Rec_regions_removed.rate_median=3.443649089614383E-4,height_range={16.999999999999886,17.000000000000142},location.rate=0.009175570851761796,Eight_loc_Rec_regions_removed.rate=3.658206633248534E-4,height_95%_HPD={16.99999999999997,17.000000000000043},Eight_loc_Rec_regions_removed.rate_95%_HPD={1.3698893042469795E-4,6.372160230338773E-4},length_median=14.702341331240717,location="EastAfrica",location.prob=1.0,Eight_loc_Rec_regions_removed.rate_range={5.7604526655341746E-5,9.871877853831817E-4},location.set={"EastAfrica"},Eight_loc_Rec_regions_removed.prob=0.8427190936354548,Eight_loc_Rec_regions_removed.set.prob={0.01166277907364212,3.332222592469177E-4,3.332222592469177E-4,0.00433188937020993,0.0036654448517160947,9.99666777740753E-4,3.332222592469177E-4,3.332222592469177E-4,0.008997000999666778,0.019660113295568143,0.024991669443518827,3.332222592469177E-4,6.664445184938354E-4,0.8427190936354548,3.332222592469177E-4,3.332222592469177E-4,0.0016661112962345886,0.0036654448517160947,6.664445184938354E-4,3.332222592469177E-4,0.022325891369543487,0.006331222925691436,6.664445184938354E-4,6.664445184938354E-4,3.332222592469177E-4,0.008330556481172943,3.332222592469177E-4,0.004998333888703766,3.332222592469177E-4,0.01166277907364212,3.332222592469177E-4,3.332222592469177E-4,3.332222592469177E-4,3.332222592469177E-4,3.332222592469177E-4,0.0013328890369876708,0.009330223258913695,0.004998333888703766,3.332222592469177E-4},location.rate_range={0.005084148127728685,0.014491273666078528},height=17.0]:19.115333971731268)[&length_range={0.002660450852744134,17.725669135416005},length_95%_HPD={0.002660450852744134,8.317036900262025},location.rate_median=0.009094309061574043,height_median=30.271066378099036,location.set.prob={1.0},height_range={25.339425596618867,42.55216567514444},location.rate=0.009182461891441318,height_95%_HPD={25.948125742323846,35.11055113909625},Eight_loc_Rec_regions_removed.rate_95%_HPD={4.1964646223734375E-5,0.0013553596108805397},length_median=2.8926521746601885,location.prob=1.0,Eight_loc_Rec_regions_removed.rate_range={2.8920401022263354E-5,0.005952465075384216},location.set={"EastAfrica"},height=30.47444232900514,length=3.418633972702784,posterior=0.5984671776074642,location.rate_95%_HPD={0.006265562681093648,0.011971931736780163},Eight_loc_Rec_regions_removed.rate_median=3.5427159127327445E-4,Eight_loc_Rec_regions_removed.rate=5.029579709971595E-4,location="EastAfrica",Eight_loc_Rec_regions_removed.prob=0.7394209354120267,Eight_loc_Rec_regions_removed.set.prob={0.01893095768374165,0.0011135857461024498,5.567928730512249E-4,5.567928730512249E-4,0.0016703786191536749,5.567928730512249E-4,0.0011135857461024498,0.0027839643652561247,0.0016703786191536749,0.0027839643652561247,5.567928730512249E-4,5.567928730512249E-4,5.567928730512249E-4,5.567928730512249E-4,5.567928730512249E-4,0.0011135857461024498,5.567928730512249E-4,5.567928730512249E-4,0.0011135857461024498,0.0016703786191536749,0.009465478841870824,5.567928730512249E-4,5.567928730512249E-4,0.7394209354120267,5.567928730512249E-4,5.567928730512249E-4,5.567928730512249E-4,0.0027839643652561247,0.0011135857461024498,0.006124721603563474,0.0011135857461024498,0.0011135857461024498,5.567928730512249E-4,5.567928730512249E-4,0.07516703786191536,0.0077951002227171495,5.567928730512249E-4,0.0011135857461024498,5.567928730512249E-4,0.022271714922048998,5.567928730512249E-4,0.0038975501113585748,5.567928730512249E-4,5.567928730512249E-4,0.012249443207126948,0.0027839643652561247,0.0038975501113585748,0.0011135857461024498,5.567928730512249E-4,5.567928730512249E-4,0.0200445434298441,0.006124721603563474,0.006124721603563474,0.0016703786191536749,5.567928730512249E-4,5.567928730512249E-4,0.006124721603563474,5.567928730512249E-4,0.0011135857461024498,5.567928730512249E-4,5.567928730512249E-4,0.0033407572383073497,0.011692650334075724,5.567928730512249E-4,0.0016703786191536749},location.rate_range={0.005084148127728685,0.014491273666078528}]:1.6219625122011436,(((630[&length_range={0.00959089268660307,10.952695420684769},length_95%_HPD={0.01761306825154918,2.457388367684704},length=0.8765763989269731,location.rate_95%_HPD={0.006486645430943333,0.012155266008224062},location.rate_median=0.009089752470348383,height_median=25.0,location.set.prob={1.0},Eight_loc_Rec_regions_removed.rate_median=7.188419523714976E-4,height_range={24.999999999999886,25.000000000000142},location.rate=0.009175570851761796,Eight_loc_Rec_regions_removed.rate=9.864963562281526E-4,height_95%_HPD={24.99999999999997,25.000000000000043},Eight_loc_Rec_regions_removed.rate_95%_HPD={6.0862316636486597E-5,0.0026017733638746513},length_median=0.6293952096747404,location="EastAfrica",location.prob=1.0,Eight_loc_Rec_regions_removed.rate_range={6.0862316636486597E-5,0.00908202982333306},location.set={"EastAfrica"},Eight_loc_Rec_regions_removed.prob=0.8377207597467511,Eight_loc_Rec_regions_removed.set.prob={0.01299566811062979,0.0013328890369876708,3.332222592469177E-4,3.332222592469177E-4,3.332222592469177E-4,3.332222592469177E-4,9.99666777740753E-4,0.020659780073308896,0.0036654448517160947,0.008330556481172943,6.664445184938354E-4,0.009996667777407531,0.003332222592469177,3.332222592469177E-4,0.00433188937020993,0.8377207597467511,3.332222592469177E-4,3.332222592469177E-4,0.0013328890369876708,0.009330223258913695,3.332222592469177E-4,3.332222592469177E-4,0.021326224591802733,3.332222592469177E-4,3.332222592469177E-4,0.006997667444185272,3.332222592469177E-4,3.332222592469177E-4,0.026991002999000334,3.332222592469177E-4,3.332222592469177E-4,0.006664445184938354,0.008997000999666778,6.664445184938354E-4,3.332222592469177E-4,0.0016661112962345886,3.332222592469177E-4,0.005664778407197601,3.332222592469177E-4,3.332222592469177E-4},location.rate_range={0.005084148127728685,0.014491273666078528},height=25.0]:1.0590992200464378,629[&length_range={0.00959089268660307,10.952695420684769},length_95%_HPD={0.01761306825154918,2.457388367684704},length=0.8765763989269731,location.rate_95%_HPD={0.006486645430943333,0.012155266008224062},location.rate_median=0.009089752470348383,height_median=25.0,location.set.prob={1.0},Eight_loc_Rec_regions_removed.rate_median=4.336350715101437E-4,height_range={24.999999999999886,25.000000000000142},location.rate=0.009175570851761796,Eight_loc_Rec_regions_removed.rate=5.915080892400636E-4,height_95%_HPD={24.99999999999997,25.000000000000043},Eight_loc_Rec_regions_removed.rate_95%_HPD={3.495975035805306E-5,0.0015958032343461627},length_median=0.6293952096747404,location="EastAfrica",location.prob=1.0,Eight_loc_Rec_regions_removed.rate_range={3.495975035805306E-5,0.007523979350232917},location.set={"EastAfrica"},Eight_loc_Rec_regions_removed.prob=0.8400533155614796,Eight_loc_Rec_regions_removed.set.prob={3.332222592469177E-4,3.332222592469177E-4,0.005664778407197601,0.021326224591802733,3.332222592469177E-4,3.332222592469177E-4,3.332222592469177E-4,0.026657780739753417,6.664445184938354E-4,3.332222592469177E-4,3.332222592469177E-4,0.008330556481172943,0.005331556147950683,3.332222592469177E-4,0.003332222592469177,0.00866377874041986,6.664445184938354E-4,3.332222592469177E-4,0.0013328890369876708,0.013328890369876709,3.332222592469177E-4,3.332222592469177E-4,3.332222592469177E-4,0.0016661112962345886,0.0036654448517160947,3.332222592469177E-4,3.332222592469177E-4,3.332222592469177E-4,9.99666777740753E-4,3.332222592469177E-4,0.003998667110963012,3.332222592469177E-4,0.8400533155614796,0.006664445184938354,0.009330223258913695,3.332222592469177E-4,3.332222592469177E-4,3.332222592469177E-4,9.99666777740753E-4,0.009996667777407531,0.020659780073308896},location.rate_range={0.005084148127728685,0.014491273666078528},height=25.0]:1.0590992200464378)[&length_range={0.7072811956759608,27.754529683640662},length_95%_HPD={1.639928397988161,13.167113622204216},location.rate_median=0.009089752470348383,height_median=25.62939520967474,location.set.prob={1.0},height_range={25.009590892686617,35.95269542068478},location.rate=0.009175570851761796,height_95%_HPD={25.017613068251535,27.4573883676847},Eight_loc_Rec_regions_removed.rate_95%_HPD={2.5943210842139814E-4,0.0023395603489144963},length_median=7.0496396051447405,location.prob=1.0,Eight_loc_Rec_regions_removed.rate_range={1.931622294195244E-4,0.0069573922444369565},location.set={"EastAfrica"},height=25.876576398926925,length=7.327628837178741,posterior=1.0,location.rate_95%_HPD={0.006486645430943333,0.012155266008224062},Eight_loc_Rec_regions_removed.rate_median=9.026921869154844E-4,Eight_loc_Rec_regions_removed.rate=0.0010661884368102844,location="EastAfrica",Eight_loc_Rec_regions_removed.prob=0.8393868710429857,Eight_loc_Rec_regions_removed.set.prob={3.332222592469177E-4,3.332222592469177E-4,0.005664778407197601,0.021326224591802733,3.332222592469177E-4,3.332222592469177E-4,3.332222592469177E-4,0.026324558480506497,6.664445184938354E-4,3.332222592469177E-4,3.332222592469177E-4,9.99666777740753E-4,0.008330556481172943,0.005331556147950683,3.332222592469177E-4,0.003332222592469177,0.00866377874041986,6.664445184938354E-4,3.332222592469177E-4,0.0013328890369876708,0.01299566811062979,3.332222592469177E-4,3.332222592469177E-4,3.332222592469177E-4,0.0016661112962345886,0.0036654448517160947,3.332222592469177E-4,3.332222592469177E-4,3.332222592469177E-4,9.99666777740753E-4,3.332222592469177E-4,3.332222592469177E-4,0.00433188937020993,0.8393868710429857,0.006664445184938354,0.009330223258913695,3.332222592469177E-4,3.332222592469177E-4,3.332222592469177E-4,9.99666777740753E-4,0.009996667777407531,0.020659780073308896},location.rate_range={0.005084148127728685,0.014491273666078528}]:10.148706454110613,10[&length_range={0.34376047391588216,16.214379820073056},length_95%_HPD={0.5246571882999618,7.7380501303302225},length=3.6601940226626395,location.rate_95%_HPD={0.006486645430943333,0.012155266008224062},location.rate_median=0.009089752470348383,height_median=31.0,location.set.prob={1.0},Eight_loc_Rec_regions_removed.rate_median=0.0013825028200739266,height_range={30.999999999999886,31.000000000000142},location.rate=0.009175570851761796,Eight_loc_Rec_regions_removed.rate=0.001745112205010363,height_95%_HPD={30.99999999999997,31.000000000000043},Eight_loc_Rec_regions_removed.rate_95%_HPD={2.8655037622373706E-4,0.004139821022237204},length_median=3.2602790548068867,location="EastAfrica",location.prob=1.0,Eight_loc_Rec_regions_removed.rate_range={2.0469764566458183E-4,0.01454789846513152},location.set={"EastAfrica"},Eight_loc_Rec_regions_removed.prob=0.8517160946351217
